= Start
@ ./filter:[0x400ac8] + 0x23ff630 0x20000
@ /lib64/libc.so.6:[0x7f6cdfcd754d] + 0x241f640 0x238
@ /lib64/libc.so.6:[0x7f6cdfcd754d] + 0x241f880 0x238
@ ./filter:[0x400b43] + 0x7f6cdec6b010 0x1000000
@ ./filter:[0x402a59] + 0x7f6cddc6a010 0x1000000
@ ./filter:[0x402da7] - 0x7f6cddc6a010
@ ./filter:[0x400daf] + 0x241fac0 0x144
@ ./filter:[0x400e5e] + 0x241fc10 0x450
@ ./filter:[0x400e93] + 0x2420070 0x40000
@ ./filter:[0x400e9e] + 0x2460080 0x40000
@ ./filter:[0x400eae] + 0x24a0090 0x40000
@ ./filter:[0x400ee1] + 0x24e00a0 0x40000
@ ./filter:[0x400eee] + 0x25200b0 0x40000
@ ./filter:[0x400efb] + 0x25600c0 0x40000
@ ./filter:[0x400f0b] + 0x25a00d0 0x40000
@ ./filter:[0x400f16] + 0x25e00e0 0x40000
@ ./filter:[0x400f34] + 0x26200f0 0x8a0000
@ ./filter:[0x401280] - 0x241fac0
@ ./filter:[0x40128a] - 0x241fc10
@ ./filter:[0x401292] - 0x2420070
@ ./filter:[0x40129c] - 0x24e00a0
@ ./filter:[0x4012a6] - 0x25200b0
@ ./filter:[0x4012b3] - 0x25600c0
@ ./filter:[0x4012bd] - 0x2460080
@ ./filter:[0x4012c7] - 0x24a0090
@ ./filter:[0x4012cf] - 0x25a00d0
@ ./filter:[0x4012d9] - 0x25e00e0
@ ./filter:[0x400b84] - 0x26200f0
@ /lib64/libc.so.6:(fclose+0x155)[0x7f6cdfcd6bd5] - 0x241f640
@ /lib64/libc.so.6:(fclose+0x155)[0x7f6cdfcd6bd5] - 0x241f880
@ ./filter:[0x400bc0] - 0x23ff630
@ ./filter:[0x400bc8] - 0x7f6cdec6b010
= End
